c:\users\k023g\desktop\ge3\cg2_directx\x64\debug\imgui_impl_dx12.obj
c:\users\k023g\desktop\ge3\cg2_directx\x64\debug\imgui_draw.obj
c:\users\k023g\desktop\ge3\cg2_directx\x64\debug\imgui_widgets.obj
c:\users\k023g\desktop\ge3\cg2_directx\x64\debug\imgui_impl_win32.obj
c:\users\k023g\desktop\ge3\cg2_directx\x64\debug\makematrix.obj
c:\users\k023g\desktop\ge3\cg2_directx\x64\debug\imgui.obj
c:\users\k023g\desktop\ge3\cg2_directx\x64\debug\input.obj
c:\users\k023g\desktop\ge3\cg2_directx\x64\debug\imgui_tables.obj
c:\users\k023g\desktop\ge3\cg2_directx\x64\debug\imgui_demo.obj
c:\users\k023g\desktop\ge3\cg2_directx\x64\debug\vc143.pdb
c:\users\k023g\desktop\ge3\cg2_directx\x64\debug\vc143.idb
c:\users\k023g\desktop\ge3\cg2_directx\x64\debug\main.obj
c:\users\k023g\desktop\ge3\x64\debug\cg2_directx.exe
c:\users\k023g\desktop\ge3\x64\debug\cg2_directx.pdb
c:\users\k023g\desktop\ge3\cg2_directx\x64\debug\cg2_directx.ilk
c:\users\k023g\desktop\ge3\cg2_directx\x64\debug\cg2_directx.tlog\cl.command.1.tlog
c:\users\k023g\desktop\ge3\cg2_directx\x64\debug\cg2_directx.tlog\cl.items.tlog
c:\users\k023g\desktop\ge3\cg2_directx\x64\debug\cg2_directx.tlog\cl.read.1.tlog
c:\users\k023g\desktop\ge3\cg2_directx\x64\debug\cg2_directx.tlog\cl.write.1.tlog
c:\users\k023g\desktop\ge3\cg2_directx\x64\debug\cg2_directx.tlog\link.command.1.tlog
c:\users\k023g\desktop\ge3\cg2_directx\x64\debug\cg2_directx.tlog\link.read.1.tlog
c:\users\k023g\desktop\ge3\cg2_directx\x64\debug\cg2_directx.tlog\link.secondary.1.tlog
c:\users\k023g\desktop\ge3\cg2_directx\x64\debug\cg2_directx.tlog\link.write.1.tlog
