c:\users\k023g\desktop\ge3\genarated\obj\cg2_directx\release\d3dresourceleakchecker.obj
c:\users\k023g\desktop\ge3\genarated\obj\cg2_directx\release\object3dcommon.obj
c:\users\k023g\desktop\ge3\genarated\obj\cg2_directx\release\sprite.obj
c:\users\k023g\desktop\ge3\genarated\obj\cg2_directx\release\spritecommon.obj
c:\users\k023g\desktop\ge3\genarated\obj\cg2_directx\release\input.obj
c:\users\k023g\desktop\ge3\genarated\obj\cg2_directx\release\winapi.obj
c:\users\k023g\desktop\ge3\genarated\obj\cg2_directx\release\model.obj
c:\users\k023g\desktop\ge3\genarated\obj\cg2_directx\release\modelmanager.obj
c:\users\k023g\desktop\ge3\genarated\obj\cg2_directx\release\makematrix.obj
c:\users\k023g\desktop\ge3\genarated\obj\cg2_directx\release\stringutility.obj
c:\users\k023g\desktop\ge3\genarated\obj\cg2_directx\release\directxcommon.obj
c:\users\k023g\desktop\ge3\genarated\obj\cg2_directx\release\logger.obj
c:\users\k023g\desktop\ge3\genarated\obj\cg2_directx\release\modelcommon.obj
c:\users\k023g\desktop\ge3\genarated\obj\cg2_directx\release\object3d.obj
c:\users\k023g\desktop\ge3\genarated\obj\cg2_directx\release\main.obj
c:\users\k023g\desktop\ge3\genarated\obj\cg2_directx\release\texturemanager.obj
c:\users\k023g\desktop\ge3\genarated\obj\cg2_directx\release\vc143.pdb
c:\users\k023g\desktop\ge3\generated\outputs\release\cg2_directx.exe
c:\users\k023g\desktop\ge3\generated\outputs\release\cg2_directx.pdb
c:\users\k023g\desktop\ge3\genarated\obj\cg2_directx\release\cg2_directx.ipdb
c:\users\k023g\desktop\ge3\genarated\obj\cg2_directx\release\cg2_directx.iobj
c:\users\k023g\desktop\ge3\project\..\generated\outputs\release\cg2_directx.pdb
c:\users\k023g\desktop\ge3\project\..\genarated\obj\cg2_directx\release\cg2_directx.vcxproj.filelistabsolute.txt
c:\users\k023g\desktop\ge3\genarated\obj\cg2_directx\release\cg2_directx.tlog\cl.10516.write.1.tlog
c:\users\k023g\desktop\ge3\genarated\obj\cg2_directx\release\cg2_directx.tlog\cl.command.1.tlog
c:\users\k023g\desktop\ge3\genarated\obj\cg2_directx\release\cg2_directx.tlog\cl.items.tlog
c:\users\k023g\desktop\ge3\genarated\obj\cg2_directx\release\cg2_directx.tlog\cl.read.1.tlog
c:\users\k023g\desktop\ge3\genarated\obj\cg2_directx\release\cg2_directx.tlog\link.command.1.tlog
c:\users\k023g\desktop\ge3\genarated\obj\cg2_directx\release\cg2_directx.tlog\link.read.1.tlog
c:\users\k023g\desktop\ge3\genarated\obj\cg2_directx\release\cg2_directx.tlog\link.secondary.1.tlog
c:\users\k023g\desktop\ge3\genarated\obj\cg2_directx\release\cg2_directx.tlog\link.write.1.tlog
