  D3DResourceLeakChecker.cpp
  DirectXCommon.cpp
  Input.cpp
  Logger.cpp
  main.cpp
  MakeMatrix.cpp
  Model.cpp
  ModelCommon.cpp
  ModelManager.cpp
  Object3D.cpp
  Object3DCommon.cpp
  Sprite.cpp
  SpriteCommon.cpp
  StringUtility.cpp
  TextureManager.cpp
  WinAPI.cpp
  コード生成しています。
  Previous IPDB not found, fall back to full compilation.
  All 3140 functions were compiled because no usable IPDB/IOBJ from previous compilation was found.
  コード生成が終了しました。
  CG2_DirectX.vcxproj -> C:\Users\k023g\Desktop\GE3\generated\outputs\Release\CG2_DirectX.exe
          1 個のファイルをコピーしました。
          1 個のファイルをコピーしました。
