c:\users\k023g\desktop\ge3\genarated\obj\cg2_directx\debug\makematrix.obj
c:\users\k023g\desktop\ge3\genarated\obj\cg2_directx\debug\object3dcommon.obj
c:\users\k023g\desktop\ge3\genarated\obj\cg2_directx\debug\winapi.obj
c:\users\k023g\desktop\ge3\genarated\obj\cg2_directx\debug\modelmanager.obj
c:\users\k023g\desktop\ge3\genarated\obj\cg2_directx\debug\sprite.obj
c:\users\k023g\desktop\ge3\genarated\obj\cg2_directx\debug\stringutility.obj
c:\users\k023g\desktop\ge3\genarated\obj\cg2_directx\debug\d3dresourceleakchecker.obj
c:\users\k023g\desktop\ge3\genarated\obj\cg2_directx\debug\texturemanager.obj
c:\users\k023g\desktop\ge3\genarated\obj\cg2_directx\debug\directxcommon.obj
c:\users\k023g\desktop\ge3\genarated\obj\cg2_directx\debug\main.obj
c:\users\k023g\desktop\ge3\genarated\obj\cg2_directx\debug\object3d.obj
c:\users\k023g\desktop\ge3\genarated\obj\cg2_directx\debug\input.obj
c:\users\k023g\desktop\ge3\genarated\obj\cg2_directx\debug\model.obj
c:\users\k023g\desktop\ge3\genarated\obj\cg2_directx\debug\modelcommon.obj
c:\users\k023g\desktop\ge3\genarated\obj\cg2_directx\debug\spritecommon.obj
c:\users\k023g\desktop\ge3\genarated\obj\cg2_directx\debug\logger.obj
c:\users\k023g\desktop\ge3\genarated\obj\cg2_directx\debug\vc143.pdb
c:\users\k023g\desktop\ge3\generated\outputs\debug\cg2_directx.exe
c:\users\k023g\desktop\ge3\generated\outputs\debug\cg2_directx.pdb
c:\users\k023g\desktop\ge3\genarated\obj\cg2_directx\debug\cg2_directx.ilk
c:\users\k023g\desktop\ge3\genarated\obj\cg2_directx\debug\vc143.idb
c:\users\k023g\desktop\ge3\project\..\generated\outputs\debug\cg2_directx.pdb
c:\users\k023g\desktop\ge3\project\..\genarated\obj\cg2_directx\debug\cg2_directx.vcxproj.filelistabsolute.txt
c:\users\k023g\desktop\ge3\genarated\obj\cg2_directx\debug\cg2_directx.tlog\cl.15336.write.1.tlog
c:\users\k023g\desktop\ge3\genarated\obj\cg2_directx\debug\cg2_directx.tlog\cl.command.1.tlog
c:\users\k023g\desktop\ge3\genarated\obj\cg2_directx\debug\cg2_directx.tlog\cl.items.tlog
c:\users\k023g\desktop\ge3\genarated\obj\cg2_directx\debug\cg2_directx.tlog\cl.read.1.tlog
c:\users\k023g\desktop\ge3\genarated\obj\cg2_directx\debug\cg2_directx.tlog\link.command.1.tlog
c:\users\k023g\desktop\ge3\genarated\obj\cg2_directx\debug\cg2_directx.tlog\link.read.1.tlog
c:\users\k023g\desktop\ge3\genarated\obj\cg2_directx\debug\cg2_directx.tlog\link.secondary.1.tlog
c:\users\k023g\desktop\ge3\genarated\obj\cg2_directx\debug\cg2_directx.tlog\link.write.1.tlog
