c:\users\k023g\desktop\ge3\genarated\obj\directxtex\release\directxtex.pch
c:\users\k023g\desktop\ge3\genarated\obj\directxtex\release\directxtex.pdb
c:\users\k023g\desktop\ge3\genarated\obj\directxtex\release\directxtexutil.obj
c:\users\k023g\desktop\ge3\genarated\obj\directxtex\release\directxtexfliprotate.obj
c:\users\k023g\desktop\ge3\genarated\obj\directxtex\release\directxtexwic.obj
c:\users\k023g\desktop\ge3\genarated\obj\directxtex\release\directxtexd3d12.obj
c:\users\k023g\desktop\ge3\genarated\obj\directxtex\release\directxtexcompressgpu.obj
c:\users\k023g\desktop\ge3\genarated\obj\directxtex\release\bc4bc5.obj
c:\users\k023g\desktop\ge3\genarated\obj\directxtex\release\directxtexresize.obj
c:\users\k023g\desktop\ge3\genarated\obj\directxtex\release\directxtexmipmaps.obj
c:\users\k023g\desktop\ge3\genarated\obj\directxtex\release\directxtexconvert.obj
c:\users\k023g\desktop\ge3\genarated\obj\directxtex\release\bc6hbc7.obj
c:\users\k023g\desktop\ge3\genarated\obj\directxtex\release\directxtexd3d11.obj
c:\users\k023g\desktop\ge3\genarated\obj\directxtex\release\directxtexdds.obj
c:\users\k023g\desktop\ge3\genarated\obj\directxtex\release\directxteximage.obj
c:\users\k023g\desktop\ge3\genarated\obj\directxtex\release\directxtexpmalpha.obj
c:\users\k023g\desktop\ge3\genarated\obj\directxtex\release\bc.obj
c:\users\k023g\desktop\ge3\genarated\obj\directxtex\release\directxtexmisc.obj
c:\users\k023g\desktop\ge3\genarated\obj\directxtex\release\directxtexhdr.obj
c:\users\k023g\desktop\ge3\genarated\obj\directxtex\release\bcdirectcompute.obj
c:\users\k023g\desktop\ge3\genarated\obj\directxtex\release\directxtexnormalmaps.obj
c:\users\k023g\desktop\ge3\genarated\obj\directxtex\release\directxtexcompress.obj
c:\users\k023g\desktop\ge3\genarated\obj\directxtex\release\directxtextga.obj
c:\users\k023g\desktop\ge3\generated\outputs\release\directxtex.lib
c:\users\k023g\desktop\ge3\project\..\generated\outputs\release\directxtex.pdb
c:\users\k023g\desktop\ge3\project\..\genarated\obj\directxtex\release\directxtex_desktop_2022_win10.vcxproj.filelistabsolute.txt
c:\users\k023g\desktop\ge3\genarated\obj\directxtex\release\directxtex.tlog\cl.command.1.tlog
c:\users\k023g\desktop\ge3\genarated\obj\directxtex\release\directxtex.tlog\cl.items.tlog
c:\users\k023g\desktop\ge3\genarated\obj\directxtex\release\directxtex.tlog\cl.read.1.tlog
c:\users\k023g\desktop\ge3\genarated\obj\directxtex\release\directxtex.tlog\cl.write.1.tlog
c:\users\k023g\desktop\ge3\genarated\obj\directxtex\release\directxtex.tlog\lib-link.read.1.tlog
c:\users\k023g\desktop\ge3\genarated\obj\directxtex\release\directxtex.tlog\lib-link.write.1.tlog
c:\users\k023g\desktop\ge3\genarated\obj\directxtex\release\directxtex.tlog\lib.command.1.tlog
